#
# A fatal error has been detected by the Java Runtime Environment:
#
#  EXCEPTION_ACCESS_VIOLATION (0xc0000005) at pc=0x0000000077c8f2a2, pid=10556, tid=0x0000000000002700
#
# JRE version: Java(TM) SE Runtime Environment (8.0_92-b14) (build 1.8.0_92-b14)
# Java VM: Java HotSpot(TM) 64-Bit Server VM (25.92-b14 mixed mode windows-amd64 compressed oops)
# Problematic frame:
# C  [ntdll.dll+0x4f2a2]
#
# Failed to write core dump. Minidumps are not enabled by default on client versions of Windows
#
# If you would like to submit a bug report, please visit:
#   http://bugreport.java.com/bugreport/crash.jsp
# The crash happened outside the Java Virtual Machine in native code.
# See problematic frame for where to report the bug.
#

---------------  T H R E A D  ---------------

Current thread (0x000000001746b000):  JavaThread "Finalizer" daemon [_thread_in_native, id=9984, stack(0x0000000018760000,0x0000000018860000)]

siginfo: ExceptionCode=0xc0000005, writing address 0x0000000000000000

Registers:
RAX=0x0000000000000000, RBX=0x00000000198e4970, RCX=0x000000ffffffffff, RDX=0xfffdfcff655e0013
RSP=0x000000001885ef90, RBP=0x000000000015a620, RSI=0x0000000000000001, RDI=0x900000a87c9f5029
R8 =0x000000000015a610, R9 =0x00000000d7e415c8, R10=0x0000000002877f28, R11=0x1979d4fb00010012
R12=0x00000000198a0000, R13=0x0000000100000001, R14=0xffffffff00007fff, R15=0x00000000ffff0000
RIP=0x0000000077c8f2a2, EFLAGS=0x0000000000010282

Top of Stack: (sp=0x000000001885ef90)
0x000000001885ef90:   0000000017353bc0 000000001746b000
0x000000001885efa0:   00000000ffffffff 0000000000000000
0x000000001885efb0:   00000000ffffffff 0000000000000000
0x000000001885efc0:   0000000000000000 000000001746b000
0x000000001885efd0:   000000001746b000 000000001885f140
0x000000001885efe0:   0000000000000000 000000013fb28508
0x000000001885eff0:   0000000000000229 000000001885f118
0x000000001885f000:   000000000015a620 0000000077b41a0a
0x000000001885f010:   00000000198a0000 0000000016eb0610
0x000000001885f020:   0000000000000000 0000000019463500
0x000000001885f030:   00000000028735ab 000007fede63dbc8
0x000000001885f040:   000000001885f170 0000000016b75d78
0x000000001885f050:   0000000000000000 0000000051990c56
0x000000001885f060:   000000000015a620 000007fede14b98f
0x000000001885f070:   000000001885f160 000000005184bf35
0x000000001885f080:   0000000000000001 000000001746b000 

Instructions: (pc=0x0000000077c8f2a2)
0x0000000077c8f282:   00 48 c1 e8 10 66 41 89 40 10 49 8b c0 48 2b c7
0x0000000077c8f292:   48 c1 e0 0c 48 25 00 00 ff ff 48 0b d0 48 8b 03
0x0000000077c8f2a2:   48 89 18 49 8b c3 f0 48 0f b1 53 10 75 b6 4c 8b
0x0000000077c8f2b2:   7c 24 40 4c 8b 74 24 48 4c 8b ac 24 88 00 00 00 


Register to memory mapping:

RAX=0x0000000000000000 is an unknown value
RBX=0x00000000198e4970 is an unknown value
RCX=0x000000ffffffffff is an unknown value
RDX=0xfffdfcff655e0013 is an unknown value
RSP=0x000000001885ef90 is pointing into the stack for thread: 0x000000001746b000
RBP=0x000000000015a620 is an unknown value
RSI=0x0000000000000001 is an unknown value
RDI=0x900000a87c9f5029 is an unknown value
R8 =0x000000000015a610 is an unknown value
R9 =0x00000000d7e415c8 is an oop
java.lang.ref.Finalizer 
 - klass: 'java/lang/ref/Finalizer'
R10=0x0000000002877f28 is at code_begin+840 in an Interpreter codelet
method entry point (kind = native)  [0x0000000002877be0, 0x0000000002878540]  2400 bytes
R11=0x1979d4fb00010012 is an unknown value
R12=0x00000000198a0000 is an unknown value
R13=0x0000000100000001 is an unknown value
R14=0xffffffff00007fff is an unknown value
R15=0x00000000ffff0000 is an unallocated location in the heap


Stack: [0x0000000018760000,0x0000000018860000],  sp=0x000000001885ef90,  free space=1019k
Native frames: (J=compiled Java code, j=interpreted, Vv=VM code, C=native code)
C  [ntdll.dll+0x4f2a2]
C  [kernel32.dll+0x21a0a]
C  [opencv_java2411.dll+0x4fdbc8]
C  [opencv_java2411.dll+0xb98f]
C  0x0000000002877f54

Java frames: (J=compiled Java code, j=interpreted, Vv=VM code)
j  org.opencv.core.Mat.n_delete(J)V+0
j  org.opencv.core.Mat.finalize()V+4
j  java.lang.System$2.invokeFinalize(Ljava/lang/Object;)V+1
j  java.lang.ref.Finalizer.runFinalizer(Lsun/misc/JavaLangAccess;)V+46
j  java.lang.ref.Finalizer.access$100(Ljava/lang/ref/Finalizer;Lsun/misc/JavaLangAccess;)V+2
j  java.lang.ref.Finalizer$FinalizerThread.run()V+45
v  ~StubRoutines::call_stub

---------------  P R O C E S S  ---------------

Java Threads: ( => current thread )
  0x0000000019c0b800 JavaThread "AWT-EventQueue-0" [_thread_blocked, id=6488, stack(0x000000001d800000,0x000000001d900000)]
  0x0000000019bf7000 JavaThread "AWT-Windows" daemon [_thread_in_native, id=9852, stack(0x000000001d460000,0x000000001d560000)]
  0x0000000019bf4800 JavaThread "AWT-Shutdown" [_thread_blocked, id=11244, stack(0x000000001d2a0000,0x000000001d3a0000)]
  0x0000000019bf1800 JavaThread "Java2D Disposer" daemon [_thread_blocked, id=9068, stack(0x000000001d170000,0x000000001d270000)]
  0x00000000188ff000 JavaThread "Service Thread" daemon [_thread_blocked, id=10188, stack(0x00000000194a0000,0x00000000195a0000)]
  0x0000000018881800 JavaThread "C1 CompilerThread2" daemon [_thread_blocked, id=9936, stack(0x00000000192a0000,0x00000000193a0000)]
  0x0000000018880800 JavaThread "C2 CompilerThread1" daemon [_thread_blocked, id=10628, stack(0x0000000018cf0000,0x0000000018df0000)]
  0x0000000018879000 JavaThread "C2 CompilerThread0" daemon [_thread_blocked, id=11128, stack(0x0000000019150000,0x0000000019250000)]
  0x0000000018874000 JavaThread "Attach Listener" daemon [_thread_blocked, id=10564, stack(0x0000000019020000,0x0000000019120000)]
  0x0000000018873000 JavaThread "Signal Dispatcher" daemon [_thread_blocked, id=10780, stack(0x0000000018e30000,0x0000000018f30000)]
=>0x000000001746b000 JavaThread "Finalizer" daemon [_thread_in_native, id=9984, stack(0x0000000018760000,0x0000000018860000)]
  0x0000000017423800 JavaThread "Reference Handler" daemon [_thread_blocked, id=10772, stack(0x0000000018580000,0x0000000018680000)]
  0x000000000233f800 JavaThread "main" [_thread_in_native, id=5928, stack(0x0000000002760000,0x0000000002860000)]

Other Threads:
  0x000000001741c000 VMThread [stack: 0x0000000018390000,0x0000000018490000] [id=7840]
  0x000000001893b800 WatcherThread [stack: 0x00000000195e0000,0x00000000196e0000] [id=10300]

VM state:not at safepoint (normal execution)

VM Mutex/Monitor currently owned by a thread: None

Heap:
 PSYoungGen      total 38400K, used 7389K [0x00000000d5c00000, 0x00000000d8680000, 0x0000000100000000)
  eden space 33280K, 6% used [0x00000000d5c00000,0x00000000d5e3e660,0x00000000d7c80000)
  from space 5120K, 99% used [0x00000000d7c80000,0x00000000d8179060,0x00000000d8180000)
  to   space 5120K, 0% used [0x00000000d8180000,0x00000000d8180000,0x00000000d8680000)
 ParOldGen       total 87552K, used 3106K [0x0000000081400000, 0x0000000086980000, 0x00000000d5c00000)
  object space 87552K, 3% used [0x0000000081400000,0x0000000081708bd0,0x0000000086980000)
 Metaspace       used 11296K, capacity 11494K, committed 11648K, reserved 1058816K
  class space    used 1311K, capacity 1378K, committed 1408K, reserved 1048576K

Card table byte_map: [0x0000000011c20000,0x0000000012020000] byte_map_base: 0x0000000011816000

Marking Bits: (ParMarkBitMap*) 0x0000000051fa64f0
 Begin Bits: [0x0000000012730000, 0x00000000146e0000)
 End Bits:   [0x00000000146e0000, 0x0000000016690000)

Polling page: 0x0000000000350000

CodeCache: size=245760Kb used=3300Kb max_used=3300Kb free=242459Kb
 bounds [0x0000000002860000, 0x0000000002ba0000, 0x0000000011860000]
 total_blobs=1515 nmethods=827 adapters=601
 compilation: enabled

Compilation events (10 events):
Event: 2.063 Thread 0x0000000018879000  815       4       sun.nio.cs.StreamEncoder::writeBytes (132 bytes)
Event: 2.069 Thread 0x0000000018880800 nmethod 814 0x0000000002b83490 code [0x0000000002b83640, 0x0000000002b84768]
Event: 2.069 Thread 0x0000000018880800  816   !   4       java.io.PrintStream::write (69 bytes)
Event: 2.076 Thread 0x0000000018879000 nmethod 815 0x0000000002b90c90 code [0x0000000002b90e20, 0x0000000002b91b68]
Event: 2.078 Thread 0x0000000018880800 nmethod 816 0x0000000002b92510 code [0x0000000002b926a0, 0x0000000002b931e8]
Event: 2.217 Thread 0x0000000018881800  817 %     3       Application.Main::main @ 84 (174 bytes)
Event: 2.220 Thread 0x0000000018881800 nmethod 817% 0x0000000002b938d0 code [0x0000000002b93d20, 0x0000000002b95f48]
Event: 2.221 Thread 0x0000000018881800  818       3       Application.Main::main (174 bytes)
Event: 2.223 Thread 0x0000000018881800 nmethod 818 0x0000000002b97990 code [0x0000000002b97dc0, 0x0000000002b99dc8]
Event: 2.348 Thread 0x0000000018881800  820       3       sun.misc.VM::addFinalRefCount (24 bytes)

GC Heap History (2 events):
Event: 2.339 GC heap before
{Heap before GC invocations=1 (full 0):
 PSYoungGen      total 38400K, used 33280K [0x00000000d5c00000, 0x00000000d8680000, 0x0000000100000000)
  eden space 33280K, 100% used [0x00000000d5c00000,0x00000000d7c80000,0x00000000d7c80000)
  from space 5120K, 0% used [0x00000000d8180000,0x00000000d8180000,0x00000000d8680000)
  to   space 5120K, 0% used [0x00000000d7c80000,0x00000000d7c80000,0x00000000d8180000)
 ParOldGen       total 87552K, used 0K [0x0000000081400000, 0x0000000086980000, 0x00000000d5c00000)
  object space 87552K, 0% used [0x0000000081400000,0x0000000081400000,0x0000000086980000)
 Metaspace       used 11289K, capacity 11494K, committed 11648K, reserved 1058816K
  class space    used 1311K, capacity 1378K, committed 1408K, reserved 1048576K
Event: 2.346 GC heap after
Heap after GC invocations=1 (full 0):
 PSYoungGen      total 38400K, used 5092K [0x00000000d5c00000, 0x00000000d8680000, 0x0000000100000000)
  eden space 33280K, 0% used [0x00000000d5c00000,0x00000000d5c00000,0x00000000d7c80000)
  from space 5120K, 99% used [0x00000000d7c80000,0x00000000d8179060,0x00000000d8180000)
  to   space 5120K, 0% used [0x00000000d8180000,0x00000000d8180000,0x00000000d8680000)
 ParOldGen       total 87552K, used 3106K [0x0000000081400000, 0x0000000086980000, 0x00000000d5c00000)
  object space 87552K, 3% used [0x0000000081400000,0x0000000081708bd0,0x0000000086980000)
 Metaspace       used 11289K, capacity 11494K, committed 11648K, reserved 1058816K
  class space    used 1311K, capacity 1378K, committed 1408K, reserved 1048576K
}

Deoptimization events (7 events):
Event: 1.587 Thread 0x000000000233f800 Uncommon trap: reason=unstable_if action=reinterpret pc=0x0000000002a87f00 method=sun.misc.MetaIndex.mayContain(Ljava/lang/String;)Z @ 38
Event: 1.588 Thread 0x000000000233f800 Uncommon trap: reason=unstable_if action=reinterpret pc=0x0000000002a84304 method=sun.misc.MetaIndex.mayContain(Ljava/lang/String;)Z @ 38
Event: 1.709 Thread 0x000000000233f800 Uncommon trap: reason=unstable_if action=reinterpret pc=0x00000000029be6a8 method=java.lang.String.startsWith(Ljava/lang/String;I)Z @ 25
Event: 1.710 Thread 0x000000000233f800 Uncommon trap: reason=class_check action=maybe_recompile pc=0x0000000002a002b4 method=java.io.FilterInputStream.read([BII)I @ 7
Event: 1.712 Thread 0x000000000233f800 Uncommon trap: reason=unstable_if action=reinterpret pc=0x0000000002a86ab0 method=java.lang.AbstractStringBuilder.append(Ljava/lang/String;)Ljava/lang/AbstractStringBuilder; @ 1
Event: 1.713 Thread 0x000000000233f800 Uncommon trap: reason=unstable_if action=reinterpret pc=0x0000000002a2a4dc method=java.lang.AbstractStringBuilder.append(Ljava/lang/String;)Ljava/lang/AbstractStringBuilder; @ 1
Event: 1.716 Thread 0x000000000233f800 Uncommon trap: reason=unstable_if action=reinterpret pc=0x0000000002ab12f4 method=java.util.HashMap.hash(Ljava/lang/Object;)I @ 1

Internal exceptions (10 events):
Event: 0.750 Thread 0x000000000233f800 Exception <a 'java/security/PrivilegedActionException'> (0x00000000d66df878) thrown at [D:\re\workspace\8-2-build-windows-amd64-cygwin\jdk8u92\6642\hotspot\src\share\vm\prims\jvm.cpp, line 1386]
Event: 0.750 Thread 0x000000000233f800 Exception <a 'java/security/PrivilegedActionException'> (0x00000000d66e0900) thrown at [D:\re\workspace\8-2-build-windows-amd64-cygwin\jdk8u92\6642\hotspot\src\share\vm\prims\jvm.cpp, line 1386]
Event: 0.750 Thread 0x000000000233f800 Exception <a 'java/security/PrivilegedActionException'> (0x00000000d66e0b10) thrown at [D:\re\workspace\8-2-build-windows-amd64-cygwin\jdk8u92\6642\hotspot\src\share\vm\prims\jvm.cpp, line 1386]
Event: 1.589 Thread 0x000000000233f800 Exception <a 'java/io/FileNotFoundException'> (0x00000000d6853598) thrown at [D:\re\workspace\8-2-build-windows-amd64-cygwin\jdk8u92\6642\hotspot\src\share\vm\prims\jni.cpp, line 709]
Event: 1.624 Thread 0x000000000233f800 Exception <a 'java/lang/NoSuchFieldError': method resolution failed> (0x00000000d6920118) thrown at [D:\re\workspace\8-2-build-windows-amd64-cygwin\jdk8u92\6642\hotspot\src\share\vm\prims\methodHandles.cpp, line 1146]
Event: 1.625 Thread 0x000000000233f800 Exception <a 'java/lang/NoSuchFieldError': method resolution failed> (0x00000000d692d538) thrown at [D:\re\workspace\8-2-build-windows-amd64-cygwin\jdk8u92\6642\hotspot\src\share\vm\prims\methodHandles.cpp, line 1146]
Event: 1.659 Thread 0x000000000233f800 Exception <a 'java/io/FileNotFoundException'> (0x00000000d69ced70) thrown at [D:\re\workspace\8-2-build-windows-amd64-cygwin\jdk8u92\6642\hotspot\src\share\vm\prims\jni.cpp, line 709]
Event: 1.712 Thread 0x000000000233f800 Implicit null exception at 0x0000000002a86717 to 0x0000000002a86a99
Event: 1.713 Thread 0x000000000233f800 Implicit null exception at 0x0000000002a2a196 to 0x0000000002a2a4c5
Event: 1.716 Thread 0x000000000233f800 Implicit null exception at 0x0000000002ab1115 to 0x0000000002ab12e5

Events (10 events):
Event: 1.891 loading class java/awt/GraphicsCallback done
Event: 1.891 loading class java/awt/GraphicsCallback$PaintCallback done
Event: 1.903 loading class java/awt/color/ICC_ProfileGray
Event: 1.904 loading class java/awt/color/ICC_ProfileGray done
Event: 1.904 loading class sun/java2d/cmm/CMSManager
Event: 1.904 loading class sun/java2d/cmm/CMSManager done
Event: 1.914 Thread 0x000000000233f800 DEOPT PACKING pc=0x0000000002b4e55b sp=0x000000000285f2f0
Event: 1.914 Thread 0x000000000233f800 DEOPT UNPACKING pc=0x00000000028a787f sp=0x000000000285f060 mode 0
Event: 2.339 Executing VM operation: ParallelGCFailedAllocation
Event: 2.346 Executing VM operation: ParallelGCFailedAllocation done


Dynamic libraries:
0x000000013faa0000 - 0x000000013fad7000 	C:\Program Files\Java\jre1.8.0_92\bin\javaw.exe
0x0000000077c40000 - 0x0000000077dea000 	C:\Windows\SYSTEM32\ntdll.dll
0x0000000077b20000 - 0x0000000077c3f000 	C:\Windows\system32\kernel32.dll
0x000007fefd9e0000 - 0x000007fefda4a000 	C:\Windows\system32\KERNELBASE.dll
0x000007feffcf0000 - 0x000007feffdcb000 	C:\Windows\system32\ADVAPI32.dll
0x000007fefdfd0000 - 0x000007fefe06f000 	C:\Windows\system32\msvcrt.dll
0x000007fefdd70000 - 0x000007fefdd8f000 	C:\Windows\SYSTEM32\sechost.dll
0x000007fefe4e0000 - 0x000007fefe60d000 	C:\Windows\system32\RPCRT4.dll
0x0000000077a20000 - 0x0000000077b1a000 	C:\Windows\system32\USER32.dll
0x000007fefe610000 - 0x000007fefe677000 	C:\Windows\system32\GDI32.dll
0x000007feff490000 - 0x000007feff49e000 	C:\Windows\system32\LPK.dll
0x000007fefe250000 - 0x000007fefe31a000 	C:\Windows\system32\USP10.dll
0x000007fefc4a0000 - 0x000007fefc694000 	C:\Windows\WinSxS\amd64_microsoft.windows.common-controls_6595b64144ccf1df_6.0.7601.18837_none_fa3b1e3d17594757\COMCTL32.dll
0x000007fefdcf0000 - 0x000007fefdd61000 	C:\Windows\system32\SHLWAPI.dll
0x000007feff6c0000 - 0x000007feff6ee000 	C:\Windows\system32\IMM32.DLL
0x000007fefe3d0000 - 0x000007fefe4d9000 	C:\Windows\system32\MSCTF.dll
0x0000000079720000 - 0x00000000797f2000 	C:\Program Files\Java\jre1.8.0_92\bin\msvcr100.dll
0x0000000051790000 - 0x0000000052026000 	C:\Program Files\Java\jre1.8.0_92\bin\server\jvm.dll
0x000007fefb720000 - 0x000007fefb729000 	C:\Windows\system32\WSOCK32.dll
0x000007fefe070000 - 0x000007fefe0bd000 	C:\Windows\system32\WS2_32.dll
0x000007fefe3c0000 - 0x000007fefe3c8000 	C:\Windows\system32\NSI.dll
0x000007fefbf10000 - 0x000007fefbf4b000 	C:\Windows\system32\WINMM.dll
0x000007fefc9e0000 - 0x000007fefc9ec000 	C:\Windows\system32\VERSION.dll
0x0000000077e10000 - 0x0000000077e17000 	C:\Windows\system32\PSAPI.DLL
0x0000000069030000 - 0x000000006903f000 	C:\Program Files\Java\jre1.8.0_92\bin\verify.dll
0x0000000053890000 - 0x00000000538b9000 	C:\Program Files\Java\jre1.8.0_92\bin\java.dll
0x0000000069010000 - 0x0000000069026000 	C:\Program Files\Java\jre1.8.0_92\bin\zip.dll
0x000007fefe700000 - 0x000007feff48a000 	C:\Windows\system32\SHELL32.dll
0x000007feff4c0000 - 0x000007feff6bc000 	C:\Windows\system32\ole32.dll
0x000007fefd930000 - 0x000007fefd93f000 	C:\Windows\system32\profapi.dll
0x000007fede140000 - 0x000007fedeb13000 	C:\opencv\build\java\x64\opencv_java2411.dll
0x000007fefafd0000 - 0x000007fefafef000 	C:\Windows\system32\AVIFIL32.dll
0x000007fefb6c0000 - 0x000007fefb6d8000 	C:\Windows\system32\MSACM32.dll
0x000007fef1a60000 - 0x000007fef1a89000 	C:\Windows\system32\MSVFW32.dll
0x000007fefc080000 - 0x000007fefc097000 	C:\Windows\system32\AVICAP32.dll
0x000007feffdd0000 - 0x000007feffeaa000 	C:\Windows\system32\OLEAUT32.dll
0x000007fedf970000 - 0x000007fedfa5f000 	C:\Users\fuhao\AppData\Local\Temp\javacpp22952451008210\msvcr120.dll
0x000007fedfe90000 - 0x000007fedff36000 	C:\Users\fuhao\AppData\Local\Temp\javacpp22952451008210\msvcp120.dll
0x000007fedf6e0000 - 0x000007fedf961000 	C:\Users\fuhao\AppData\Local\Temp\javacpp22952451008210\opencv_core300.dll
0x000007fedf180000 - 0x000007fedf4ff000 	C:\Users\fuhao\AppData\Local\Temp\javacpp22952451008210\opencv_imgproc300.dll
0x000007fedefc0000 - 0x000007fedf178000 	C:\Users\fuhao\AppData\Local\Temp\javacpp22952451008210\jniopencv_core.dll
0x000007fedef10000 - 0x000007fedefb5000 	C:\Users\fuhao\AppData\Local\Temp\javacpp22952451008210\jniopencv_imgproc.dll
0x000007fedec50000 - 0x000007fedef07000 	C:\Users\fuhao\AppData\Local\Temp\javacpp22952451008210\opencv_imgcodecs300.dll
0x000007fefaf10000 - 0x000007fefaf2b000 	C:\Users\fuhao\AppData\Local\Temp\javacpp22952451008210\jniopencv_imgcodecs.dll
0x000007feeba60000 - 0x000007feebaa8000 	C:\Users\fuhao\AppData\Local\Temp\javacpp22952451008210\opencv_videoio300.dll
0x000007fef2140000 - 0x000007fef2154000 	C:\Users\fuhao\AppData\Local\Temp\javacpp22952451008210\jniopencv_videoio.dll
0x000007fefd7d0000 - 0x000007fefd7df000 	C:\Windows\system32\CRYPTBASE.dll
0x000007fefc010000 - 0x000007fefc066000 	C:\Windows\system32\uxtheme.dll
0x000007fefe320000 - 0x000007fefe3b9000 	C:\Windows\system32\CLBCatQ.DLL
0x000007fefb220000 - 0x000007fefb236000 	C:\Windows\system32\devenum.dll
0x000007fefdd90000 - 0x000007fefdf67000 	C:\Windows\system32\setupapi.dll
0x000007fefda80000 - 0x000007fefdab6000 	C:\Windows\system32\CFGMGR32.dll
0x000007fefd950000 - 0x000007fefd96a000 	C:\Windows\system32\DEVOBJ.dll
0x000007fefbfa0000 - 0x000007fefbfcd000 	C:\Windows\system32\ntmarta.dll
0x000007fefdf70000 - 0x000007fefdfc2000 	C:\Windows\system32\WLDAP32.dll
0x000007fefd990000 - 0x000007fefd9cb000 	C:\Windows\system32\WINTRUST.dll
0x000007fefdb60000 - 0x000007fefdccd000 	C:\Windows\system32\CRYPT32.dll
0x000007fefd940000 - 0x000007fefd94f000 	C:\Windows\system32\MSASN1.dll
0x000007fefc230000 - 0x000007fefc23d000 	C:\Windows\system32\msdmo.dll
0x000007fee7560000 - 0x000007fee758f000 	C:\Windows\system32\qcap.dll
0x000007feddd20000 - 0x000007fedded4000 	C:\Windows\system32\quartz.dll
0x000007fefb920000 - 0x000007fefb938000 	C:\Windows\system32\dwmapi.dll
0x000007fee02e0000 - 0x000007fee0321000 	C:\Windows\system32\ksproxy.ax
0x0000000075080000 - 0x0000000075086000 	C:\Windows\system32\ksuser.dll
0x000007fefa7e0000 - 0x000007fefa9df000 	C:\Windows\system32\d3d9.dll
0x000007fefa6d0000 - 0x000007fefa6d7000 	C:\Windows\system32\d3d8thk.dll
0x000007fef2130000 - 0x000007fef213b000 	C:\Windows\system32\vidcap.ax
0x000007fef05e0000 - 0x000007fef0604000 	C:\Windows\system32\kswdmcap.ax
0x000007feeeac0000 - 0x000007feeec1c000 	C:\Windows\system32\MFC42.dll
0x000007feeea00000 - 0x000007feeeab1000 	C:\Windows\system32\ODBC32.dll
0x0000000063680000 - 0x00000000636b8000 	C:\Windows\system32\odbcint.dll
0x000007fedebb0000 - 0x000007fedec4b000 	C:\Windows\System32\qedit.dll
0x000007feffeb0000 - 0x000007fefff47000 	C:\Windows\system32\COMDLG32.dll
0x000007fefbce0000 - 0x000007fefbef6000 	C:\Windows\WinSxS\amd64_microsoft.windows.gdiplus_6595b64144ccf1df_1.1.7601.23721_none_1457f4f68b936a93\gdiplus.dll
0x000007feedf60000 - 0x000007feee051000 	C:\Windows\system32\DDRAW.dll
0x000007fefae70000 - 0x000007fefae78000 	C:\Windows\system32\DCIMAN32.dll
0x000007fedeb20000 - 0x000007fedeba3000 	C:\Users\fuhao\AppData\Local\Temp\javacpp22952451008210\opencv_video300.dll
0x000007fee7510000 - 0x000007fee7535000 	C:\Users\fuhao\AppData\Local\Temp\javacpp22952451008210\jniopencv_video.dll
0x000000006cad0000 - 0x000000006cc68000 	C:\Program Files\Java\jre1.8.0_92\bin\awt.dll
0x000000006c710000 - 0x000000006c757000 	C:\Program Files\Java\jre1.8.0_92\bin\fontmanager.dll
0x00000000523d0000 - 0x00000000523ea000 	C:\Program Files\Java\jre1.8.0_92\bin\net.dll
0x000007fefd090000 - 0x000007fefd0e5000 	C:\Windows\system32\mswsock.dll
0x000007fefd080000 - 0x000007fefd087000 	C:\Windows\System32\wship6.dll
0x0000000051670000 - 0x0000000051681000 	C:\Program Files\Java\jre1.8.0_92\bin\nio.dll
0x000007fefb730000 - 0x000007fefb855000 	C:\Windows\system32\dbghelp.dll

VM Arguments:
jvm_args: -Djava.library.path=C:\opencv\build\java\x64 -Dfile.encoding=UTF-8 
java_command: Application.Main
java_class_path (initial): C:\cygwin\home\fuhao\GitHub\HandGestureRecognition\bin;C:\opencv\build\java\opencv-2411.jar;C:\Users\fuhao\Downloads\javacv-1.1-bin\javacv-bin\;C:\Users\fuhao\Downloads\javacv-1.1-bin\javacv-bin\javacpp.jar;C:\Users\fuhao\Downloads\javacv-1.1-bin\javacv-bin\opencv-linux-x86.jar;C:\Users\fuhao\Downloads\javacv-1.1-bin\javacv-bin\opencv-linux-x86_64.jar;C:\Users\fuhao\Downloads\javacv-1.1-bin\javacv-bin\opencv-macosx-x86_64.jar;C:\Users\fuhao\Downloads\javacv-1.1-bin\javacv-bin\opencv-windows-x86.jar;C:\Users\fuhao\Downloads\javacv-1.1-bin\javacv-bin\opencv-windows-x86_64.jar;C:\Users\fuhao\Downloads\javacv-1.1-bin\javacv-bin\opencv.jar;C:\Users\fuhao\Downloads\javacv-1.1-bin\javacv-bin\ffmpeg-linux-x86.jar;C:\Users\fuhao\Downloads\javacv-1.1-bin\javacv-bin\ffmpeg-linux-x86_64.jar;C:\Users\fuhao\Downloads\javacv-1.1-bin\javacv-bin\ffmpeg-macosx-x86_64.jar;C:\Users\fuhao\Downloads\javacv-1.1-bin\javacv-bin\ffmpeg-windows-x86.jar;C:\Users\fuhao\Downloads\javacv-1.1-bin\javacv-bin\ffmpeg-windows-x86_64.jar;C:\Users\fuhao\Downloads\javacv-1.1-bin\javacv-bin\ffmpeg.jar;C:\Users\fuhao\Downloads\javacv-1.1-bin\javacv-bin\flycapture-linux-x86.jar;C:\Users\fuhao\Downloads\javacv-1.1-bin\javacv-bin\flycapture-linux-x86_64.jar;C:\Users\fuhao\Downloads\javacv-1.1-bin\javacv-bin\flycapture-windows-x86.jar;C:\Users\fuhao\Downloads\javacv-1.1-bin\javacv-bin\flycapture-windows-x86_64.jar;C:\Users\fuhao\Downloads\javacv-1.1-bin\javacv-bin\flycapture.jar;C:\Users\fuhao\Downloads\javacv-1.1-bin\javacv-bin\libdc1394-linux-x86.jar;C:\Users\fuhao\Downloads\javacv-1.1-bin\javacv-bin\libdc1394-linux-x86_64.jar;C:\Users\fuhao\Downloads\javacv-1.1-bin\javacv-bin\libdc1394-macosx-x86_64.jar;C:\Users\fuhao\Downloads\javacv-1.1-bin\javacv-bin\libdc1394.jar;C:\Users\fuhao\Downloads\javacv-1.1-bin\javacv-bin\libfreenect-linux-x86.jar;C:\Users\fuhao\Downloads\javacv-1.1-bin\javacv-bin\libfreenect-linux-x86_64.jar;C:\Users\fuhao\Downloads\javacv-1.1-bin\javacv-bin\libfree
Launcher Type: SUN_STANDARD

Environment Variables:
USERNAME=fuhao
OS=Windows_NT
PROCESSOR_IDENTIFIER=Intel64 Family 6 Model 69 Stepping 1, GenuineIntel



---------------  S Y S T E M  ---------------

OS: Windows 7 , 64 bit Build 7601 (6.1.7601.23714)

CPU:total 4 (2 cores per cpu, 2 threads per core) family 6 model 69 stepping 1, cmov, cx8, fxsr, mmx, sse, sse2, sse3, ssse3, sse4.1, sse4.2, popcnt, avx, avx2, clmul, erms, lzcnt, ht, tsc, tscinvbit, bmi1, bmi2

Memory: 4k page, physical 8303036k(3016488k free), swap 16604212k(10533344k free)

vm_info: Java HotSpot(TM) 64-Bit Server VM (25.92-b14) for windows-amd64 JRE (1.8.0_92-b14), built on Mar 31 2016 21:03:04 by "java_re" with MS VC++ 10.0 (VS2010)

time: Sun May 07 17:57:51 2017
elapsed time: 2 seconds (0d 0h 0m 2s)

